<?xml version="1.0" encoding="UTF-8"?>
<testng-results skipped="0" failed="2" ignored="0" total="2" passed="0">
  <reporter-output>
  </reporter-output>
  <suite name="Default suite" duration-ms="17236" started-at="2019-09-01T03:46:12Z" finished-at="2019-09-01T03:46:29Z">
    <groups>
    </groups>
    <test name="Default test" duration-ms="17236" started-at="2019-09-01T03:46:12Z" finished-at="2019-09-01T03:46:29Z">
      <class name="com.qa.tests.LoginPageTest">
        <test-method status="PASS" signature="beforeSuite(org.testng.ITestContext)[pri:0, instance:com.qa.tests.LoginPageTest@d62f43]" name="beforeSuite" is-config="true" duration-ms="295" started-at="2019-09-01T09:16:12Z" finished-at="2019-09-01T09:16:12Z">
          <params>
            <param index="0">
              <value>
                <![CDATA[org.testng.TestRunner@7b5824]]>
              </value>
            </param>
          </params>
          <reporter-output>
          </reporter-output>
        </test-method> <!-- beforeSuite -->
        <test-method status="PASS" signature="beforeTest()[pri:0, instance:com.qa.tests.LoginPageTest@d62f43]" name="beforeTest" is-config="true" duration-ms="0" started-at="2019-09-01T09:16:12Z" finished-at="2019-09-01T09:16:12Z">
          <reporter-output>
          </reporter-output>
        </test-method> <!-- beforeTest -->
        <test-method status="PASS" signature="beforeClassRun()[pri:0, instance:com.qa.tests.LoginPageTest@d62f43]" name="beforeClassRun" is-config="true" duration-ms="20" started-at="2019-09-01T09:16:12Z" finished-at="2019-09-01T09:16:12Z">
          <reporter-output>
          </reporter-output>
        </test-method> <!-- beforeClassRun -->
        <test-method status="PASS" signature="beforeMethod(java.lang.reflect.Method)[pri:0, instance:com.qa.tests.LoginPageTest@d62f43]" name="beforeMethod" is-config="true" duration-ms="8101" started-at="2019-09-01T09:16:12Z" finished-at="2019-09-01T09:16:20Z">
          <params>
            <param index="0">
              <value>
                <![CDATA[public void com.qa.tests.LoginPageTest.verifyLoginPageTitle()]]>
              </value>
            </param>
          </params>
          <reporter-output>
          </reporter-output>
        </test-method> <!-- beforeMethod -->
        <test-method status="FAIL" signature="verifyLoginPageTitle()[pri:0, instance:com.qa.tests.LoginPageTest@d62f43]" name="verifyLoginPageTitle" duration-ms="65" started-at="2019-09-01T09:16:20Z" finished-at="2019-09-01T09:16:20Z">
          <exception class="java.lang.AssertionError">
            <message>
              <![CDATA[expected [jQuery UI1] but found [jQuery UI]]]>
            </message>
            <full-stacktrace>
              <![CDATA[java.lang.AssertionError: expected [jQuery UI1] but found [jQuery UI]
	at org.testng.Assert.fail(Assert.java:93)
	at org.testng.Assert.failNotEquals(Assert.java:512)
	at org.testng.Assert.assertEqualsImpl(Assert.java:134)
	at org.testng.Assert.assertEquals(Assert.java:115)
	at org.testng.Assert.assertEquals(Assert.java:189)
	at org.testng.Assert.assertEquals(Assert.java:199)
	at com.qa.tests.LoginPageTest.verifyLoginPageTitle(LoginPageTest.java:29)
	at sun.reflect.NativeMethodAccessorImpl.invoke0(Native Method)
	at sun.reflect.NativeMethodAccessorImpl.invoke(NativeMethodAccessorImpl.java:62)
	at sun.reflect.DelegatingMethodAccessorImpl.invoke(DelegatingMethodAccessorImpl.java:43)
	at java.lang.reflect.Method.invoke(Method.java:498)
	at org.testng.internal.MethodInvocationHelper.invokeMethod(MethodInvocationHelper.java:108)
	at org.testng.internal.Invoker.invokeMethod(Invoker.java:661)
	at org.testng.internal.Invoker.invokeTestMethod(Invoker.java:869)
	at org.testng.internal.Invoker.invokeTestMethods(Invoker.java:1193)
	at org.testng.internal.TestMethodWorker.invokeTestMethods(TestMethodWorker.java:126)
	at org.testng.internal.TestMethodWorker.run(TestMethodWorker.java:109)
	at org.testng.TestRunner.privateRun(TestRunner.java:744)
	at org.testng.TestRunner.run(TestRunner.java:602)
	at org.testng.SuiteRunner.runTest(SuiteRunner.java:380)
	at org.testng.SuiteRunner.runSequentially(SuiteRunner.java:375)
	at org.testng.SuiteRunner.privateRun(SuiteRunner.java:340)
	at org.testng.SuiteRunner.run(SuiteRunner.java:289)
	at org.testng.SuiteRunnerWorker.runSuite(SuiteRunnerWorker.java:52)
	at org.testng.SuiteRunnerWorker.run(SuiteRunnerWorker.java:86)
	at org.testng.TestNG.runSuitesSequentially(TestNG.java:1301)
	at org.testng.TestNG.runSuitesLocally(TestNG.java:1226)
	at org.testng.TestNG.runSuites(TestNG.java:1144)
	at org.testng.TestNG.run(TestNG.java:1115)
	at org.testng.remote.AbstractRemoteTestNG.run(AbstractRemoteTestNG.java:114)
	at org.testng.remote.RemoteTestNG.initAndRun(RemoteTestNG.java:251)
	at org.testng.remote.RemoteTestNG.main(RemoteTestNG.java:77)
]]>
            </full-stacktrace>
          </exception> <!-- java.lang.AssertionError -->
          <reporter-output>
          </reporter-output>
        </test-method> <!-- verifyLoginPageTitle -->
        <test-method status="PASS" signature="afterMethod(org.testng.ITestResult)[pri:0, instance:com.qa.tests.LoginPageTest@d62f43]" name="afterMethod" is-config="true" duration-ms="564" started-at="2019-09-01T09:16:20Z" finished-at="2019-09-01T09:16:21Z">
          <params>
            <param index="0">
              <value>
                <![CDATA[[TestResult name=verifyLoginPageTitle status=FAILURE method=LoginPageTest.verifyLoginPageTitle()[pri:0, instance:com.qa.tests.LoginPageTest@d62f43] output={null}]]]>
              </value>
            </param>
          </params>
          <reporter-output>
          </reporter-output>
        </test-method> <!-- afterMethod -->
        <test-method status="PASS" signature="beforeMethod(java.lang.reflect.Method)[pri:0, instance:com.qa.tests.LoginPageTest@d62f43]" name="beforeMethod" is-config="true" duration-ms="7745" started-at="2019-09-01T09:16:21Z" finished-at="2019-09-01T09:16:28Z">
          <params>
            <param index="0">
              <value>
                <![CDATA[public void com.qa.tests.LoginPageTest.verifyLoginPageTitle1()]]>
              </value>
            </param>
          </params>
          <reporter-output>
          </reporter-output>
        </test-method> <!-- beforeMethod -->
        <test-method status="FAIL" signature="verifyLoginPageTitle1()[pri:0, instance:com.qa.tests.LoginPageTest@d62f43]" name="verifyLoginPageTitle1" duration-ms="26" started-at="2019-09-01T09:16:28Z" finished-at="2019-09-01T09:16:28Z">
          <exception class="java.lang.AssertionError">
            <message>
              <![CDATA[expected [jQuery UI1] but found [jQuery UI]]]>
            </message>
            <full-stacktrace>
              <![CDATA[java.lang.AssertionError: expected [jQuery UI1] but found [jQuery UI]
	at org.testng.Assert.fail(Assert.java:93)
	at org.testng.Assert.failNotEquals(Assert.java:512)
	at org.testng.Assert.assertEqualsImpl(Assert.java:134)
	at org.testng.Assert.assertEquals(Assert.java:115)
	at org.testng.Assert.assertEquals(Assert.java:189)
	at org.testng.Assert.assertEquals(Assert.java:199)
	at com.qa.tests.LoginPageTest.verifyLoginPageTitle1(LoginPageTest.java:37)
	at sun.reflect.NativeMethodAccessorImpl.invoke0(Native Method)
	at sun.reflect.NativeMethodAccessorImpl.invoke(NativeMethodAccessorImpl.java:62)
	at sun.reflect.DelegatingMethodAccessorImpl.invoke(DelegatingMethodAccessorImpl.java:43)
	at java.lang.reflect.Method.invoke(Method.java:498)
	at org.testng.internal.MethodInvocationHelper.invokeMethod(MethodInvocationHelper.java:108)
	at org.testng.internal.Invoker.invokeMethod(Invoker.java:661)
	at org.testng.internal.Invoker.invokeTestMethod(Invoker.java:869)
	at org.testng.internal.Invoker.invokeTestMethods(Invoker.java:1193)
	at org.testng.internal.TestMethodWorker.invokeTestMethods(TestMethodWorker.java:126)
	at org.testng.internal.TestMethodWorker.run(TestMethodWorker.java:109)
	at org.testng.TestRunner.privateRun(TestRunner.java:744)
	at org.testng.TestRunner.run(TestRunner.java:602)
	at org.testng.SuiteRunner.runTest(SuiteRunner.java:380)
	at org.testng.SuiteRunner.runSequentially(SuiteRunner.java:375)
	at org.testng.SuiteRunner.privateRun(SuiteRunner.java:340)
	at org.testng.SuiteRunner.run(SuiteRunner.java:289)
	at org.testng.SuiteRunnerWorker.runSuite(SuiteRunnerWorker.java:52)
	at org.testng.SuiteRunnerWorker.run(SuiteRunnerWorker.java:86)
	at org.testng.TestNG.runSuitesSequentially(TestNG.java:1301)
	at org.testng.TestNG.runSuitesLocally(TestNG.java:1226)
	at org.testng.TestNG.runSuites(TestNG.java:1144)
	at org.testng.TestNG.run(TestNG.java:1115)
	at org.testng.remote.AbstractRemoteTestNG.run(AbstractRemoteTestNG.java:114)
	at org.testng.remote.RemoteTestNG.initAndRun(RemoteTestNG.java:251)
	at org.testng.remote.RemoteTestNG.main(RemoteTestNG.java:77)
]]>
            </full-stacktrace>
          </exception> <!-- java.lang.AssertionError -->
          <reporter-output>
          </reporter-output>
        </test-method> <!-- verifyLoginPageTitle1 -->
        <test-method status="PASS" signature="afterMethod(org.testng.ITestResult)[pri:0, instance:com.qa.tests.LoginPageTest@d62f43]" name="afterMethod" is-config="true" duration-ms="115" started-at="2019-09-01T09:16:28Z" finished-at="2019-09-01T09:16:29Z">
          <params>
            <param index="0">
              <value>
                <![CDATA[[TestResult name=verifyLoginPageTitle1 status=FAILURE method=LoginPageTest.verifyLoginPageTitle1()[pri:0, instance:com.qa.tests.LoginPageTest@d62f43] output={null}]]]>
              </value>
            </param>
          </params>
          <reporter-output>
          </reporter-output>
        </test-method> <!-- afterMethod -->
        <test-method status="PASS" signature="afterClassRun()[pri:0, instance:com.qa.tests.LoginPageTest@d62f43]" name="afterClassRun" is-config="true" duration-ms="565" started-at="2019-09-01T09:16:29Z" finished-at="2019-09-01T09:16:29Z">
          <reporter-output>
          </reporter-output>
        </test-method> <!-- afterClassRun -->
        <test-method status="PASS" signature="afterSuite()[pri:0, instance:com.qa.tests.LoginPageTest@d62f43]" name="afterSuite" is-config="true" duration-ms="1" started-at="2019-09-01T09:16:29Z" finished-at="2019-09-01T09:16:29Z">
          <reporter-output>
          </reporter-output>
        </test-method> <!-- afterSuite -->
      </class> <!-- com.qa.tests.LoginPageTest -->
    </test> <!-- Default test -->
  </suite> <!-- Default suite -->
</testng-results>
